<?xml version="1.0" encoding="UTF-8"?>
<!-- Generated by org.testng.reporters.JUnitReportReporter -->
<testsuite hostname="DESKTOP-O31JMRG" failures="0" tests="1" name="Test.ActitimeLoginCreateCustomerLogout" time="27.962" errors="0" timestamp="2023-03-23T15:41:48 IST" skipped="0">
  <testcase classname="Test.ActitimeLoginCreateCustomerLogout" name="createCustomer" time="27.962"/>
  <system-out/>
</testsuite> <!-- Test.ActitimeLoginCreateCustomerLogout -->
