<?xml version="1.0" encoding="UTF-8"?>
<!-- Generated by org.testng.reporters.JUnitReportReporter -->
<testsuite hostname="DESKTOP-O31JMRG" failures="0" tests="1" name="Test.ActitimeCreateTypeOfWorkLogout" time="37.325" errors="0" timestamp="2023-03-23T21:12:02 IST" skipped="0">
  <testcase classname="Test.ActitimeCreateTypeOfWorkLogout" name="createTypeofWork" time="37.325"/>
  <system-out/>
</testsuite> <!-- Test.ActitimeCreateTypeOfWorkLogout -->
