<?xml version="1.0" encoding="UTF-8"?>
<!-- Generated by org.testng.reporters.JUnitReportReporter -->
<testsuite hostname="DESKTOP-O31JMRG" failures="0" tests="1" name="Test.FacebookCreateAccount" time="13.329" errors="0" timestamp="2023-03-25T07:22:24 IST" skipped="0">
  <testcase classname="Test.FacebookCreateAccount" name="createaccount" time="13.329"/>
  <system-out/>
</testsuite> <!-- Test.FacebookCreateAccount -->
